<?xml version="1.0" encoding="UTF-8"?>
<coverage generated="1774343503048" clover="3.2.0">
  <project timestamp="1774343503048" name="All files">
    <metrics statements="38" coveredstatements="38" conditionals="8" coveredconditionals="8" methods="9" coveredmethods="9" elements="55" coveredelements="55" complexity="0" loc="38" ncloc="38" packages="2" files="2" classes="2"/>
    <package name="src">
      <metrics statements="27" coveredstatements="27" conditionals="0" coveredconditionals="0" methods="7" coveredmethods="7"/>
      <file name="app.js" path="C:\Users\user\Desktop\works\liquifact\src\app.js">
        <metrics statements="27" coveredstatements="27" conditionals="0" coveredconditionals="0" methods="7" coveredmethods="7"/>
        <line num="1" count="1" type="stmt"/>
        <line num="2" count="1" type="stmt"/>
        <line num="3" count="1" type="stmt"/>
        <line num="5" count="1" type="stmt"/>
        <line num="7" count="1" type="stmt"/>
        <line num="8" count="1" type="stmt"/>
        <line num="11" count="1" type="stmt"/>
        <line num="12" count="1" type="stmt"/>
        <line num="21" count="1" type="stmt"/>
        <line num="22" count="1" type="stmt"/>
        <line num="38" count="1" type="stmt"/>
        <line num="39" count="8" type="stmt"/>
        <line num="41" count="8" type="stmt"/>
        <line num="42" count="8" type="stmt"/>
        <line num="46" count="7" type="stmt"/>
        <line num="56" count="1" type="stmt"/>
        <line num="67" count="1" type="stmt"/>
        <line num="68" count="1" type="stmt"/>
        <line num="69" count="1" type="stmt"/>
        <line num="76" count="1" type="stmt"/>
        <line num="77" count="1" type="stmt"/>
        <line num="81" count="1" type="stmt"/>
        <line num="82" count="1" type="stmt"/>
        <line num="86" count="1" type="stmt"/>
        <line num="87" count="1" type="stmt"/>
        <line num="88" count="1" type="stmt"/>
        <line num="91" count="1" type="stmt"/>
      </file>
    </package>
    <package name="src.services">
      <metrics statements="11" coveredstatements="11" conditionals="8" coveredconditionals="8" methods="2" coveredmethods="2"/>
      <file name="invoiceService.js" path="C:\Users\user\Desktop\works\liquifact\src\services\invoiceService.js">
        <metrics statements="11" coveredstatements="11" conditionals="8" coveredconditionals="8" methods="2" coveredmethods="2"/>
        <line num="7" count="25" type="stmt"/>
        <line num="23" count="1" type="cond" truecount="2" falsecount="0"/>
        <line num="25" count="7" type="cond" truecount="2" falsecount="0"/>
        <line num="26" count="7" type="cond" truecount="2" falsecount="0"/>
        <line num="29" count="7" type="stmt"/>
        <line num="30" count="7" type="stmt"/>
        <line num="33" count="7" type="stmt"/>
        <line num="36" count="7" type="stmt"/>
        <line num="37" count="7" type="stmt"/>
        <line num="39" count="7" type="stmt"/>
        <line num="52" count="1" type="stmt"/>
      </file>
    </package>
  </project>
</coverage>
