{"C:\\Users\\user\\Desktop\\works\\liquifact\\src\\app.js": {"path":"C:\\Users\\user\\Desktop\\works\\liquifact\\src\\app.js","statementMap":{"0":{"start":{"line":1,"column":16},"end":{"line":1,"column":34}},"1":{"start":{"line":2,"column":13},"end":{"line":2,"column":28}},"2":{"start":{"line":3,"column":23},"end":{"line":3,"column":59}},"3":{"start":{"line":5,"column":12},"end":{"line":5,"column":21}},"4":{"start":{"line":7,"column":0},"end":{"line":7,"column":16}},"5":{"start":{"line":8,"column":0},"end":{"line":8,"column":24}},"6":{"start":{"line":11,"column":0},"end":{"line":18,"column":3}},"7":{"start":{"line":12,"column":2},"end":{"line":17,"column":5}},"8":{"start":{"line":21,"column":0},"end":{"line":31,"column":3}},"9":{"start":{"line":22,"column":2},"end":{"line":30,"column":5}},"10":{"start":{"line":38,"column":0},"end":{"line":64,"column":3}},"11":{"start":{"line":39,"column":26},"end":{"line":39,"column":35}},"12":{"start":{"line":41,"column":2},"end":{"line":63,"column":3}},"13":{"start":{"line":42,"column":31},"end":{"line":42,"column":74}},"14":{"start":{"line":46,"column":4},"end":{"line":53,"column":7}},"15":{"start":{"line":56,"column":4},"end":{"line":62,"column":7}},"16":{"start":{"line":67,"column":0},"end":{"line":73,"column":3}},"17":{"start":{"line":68,"column":24},"end":{"line":68,"column":34}},"18":{"start":{"line":69,"column":2},"end":{"line":72,"column":5}},"19":{"start":{"line":76,"column":0},"end":{"line":78,"column":3}},"20":{"start":{"line":77,"column":2},"end":{"line":77,"column":37}},"21":{"start":{"line":81,"column":0},"end":{"line":83,"column":3}},"22":{"start":{"line":82,"column":2},"end":{"line":82,"column":63}},"23":{"start":{"line":86,"column":0},"end":{"line":89,"column":3}},"24":{"start":{"line":87,"column":2},"end":{"line":87,"column":21}},"25":{"start":{"line":88,"column":2},"end":{"line":88,"column":59}},"26":{"start":{"line":91,"column":0},"end":{"line":91,"column":21}}},"fnMap":{"0":{"name":"(anonymous_0)","decl":{"start":{"line":11,"column":19},"end":{"line":11,"column":20}},"loc":{"start":{"line":11,"column":33},"end":{"line":18,"column":1}},"line":11},"1":{"name":"(anonymous_1)","decl":{"start":{"line":21,"column":16},"end":{"line":21,"column":17}},"loc":{"start":{"line":21,"column":30},"end":{"line":31,"column":1}},"line":21},"2":{"name":"(anonymous_2)","decl":{"start":{"line":38,"column":25},"end":{"line":38,"column":26}},"loc":{"start":{"line":38,"column":39},"end":{"line":64,"column":1}},"line":38},"3":{"name":"(anonymous_3)","decl":{"start":{"line":67,"column":34},"end":{"line":67,"column":35}},"loc":{"start":{"line":67,"column":48},"end":{"line":73,"column":1}},"line":67},"4":{"name":"(anonymous_4)","decl":{"start":{"line":76,"column":24},"end":{"line":76,"column":25}},"loc":{"start":{"line":76,"column":44},"end":{"line":78,"column":1}},"line":76},"5":{"name":"(anonymous_5)","decl":{"start":{"line":81,"column":8},"end":{"line":81,"column":9}},"loc":{"start":{"line":81,"column":22},"end":{"line":83,"column":1}},"line":81},"6":{"name":"(anonymous_6)","decl":{"start":{"line":86,"column":8},"end":{"line":86,"column":9}},"loc":{"start":{"line":86,"column":34},"end":{"line":89,"column":1}},"line":86}},"branchMap":{},"s":{"0":1,"1":1,"2":1,"3":1,"4":1,"5":1,"6":1,"7":1,"8":1,"9":1,"10":1,"11":8,"12":8,"13":8,"14":7,"15":1,"16":1,"17":1,"18":1,"19":1,"20":1,"21":1,"22":1,"23":1,"24":1,"25":1,"26":1},"f":{"0":1,"1":1,"2":8,"3":1,"4":1,"5":1,"6":1},"b":{},"_coverageSchema":"1a1c01bbd47fc00a2c39e90264f33305004495a9","hash":"230efbf077572e071324cbfe1f3a11aed3a74a6f"}
,"C:\\Users\\user\\Desktop\\works\\liquifact\\src\\services\\invoiceService.js": {"path":"C:\\Users\\user\\Desktop\\works\\liquifact\\src\\services\\invoiceService.js","statementMap":{"0":{"start":{"line":7,"column":21},"end":{"line":13,"column":3}},"1":{"start":{"line":7,"column":59},"end":{"line":13,"column":1}},"2":{"start":{"line":23,"column":20},"end":{"line":50,"column":1}},"3":{"start":{"line":25,"column":12},"end":{"line":25,"column":48}},"4":{"start":{"line":26,"column":12},"end":{"line":26,"column":65}},"5":{"start":{"line":29,"column":21},"end":{"line":29,"column":32}},"6":{"start":{"line":30,"column":19},"end":{"line":30,"column":24}},"7":{"start":{"line":33,"column":18},"end":{"line":33,"column":58}},"8":{"start":{"line":36,"column":16},"end":{"line":36,"column":35}},"9":{"start":{"line":37,"column":21},"end":{"line":37,"column":41}},"10":{"start":{"line":39,"column":2},"end":{"line":49,"column":4}},"11":{"start":{"line":52,"column":0},"end":{"line":55,"column":2}}},"fnMap":{"0":{"name":"(anonymous_0)","decl":{"start":{"line":7,"column":48},"end":{"line":7,"column":49}},"loc":{"start":{"line":7,"column":59},"end":{"line":13,"column":1}},"line":7},"1":{"name":"(anonymous_1)","decl":{"start":{"line":23,"column":20},"end":{"line":23,"column":21}},"loc":{"start":{"line":23,"column":50},"end":{"line":50,"column":1}},"line":23}},"branchMap":{"0":{"loc":{"start":{"line":11,"column":10},"end":{"line":11,"column":59}},"type":"cond-expr","locations":[{"start":{"line":11,"column":24},"end":{"line":11,"column":34}},{"start":{"line":11,"column":37},"end":{"line":11,"column":59}}],"line":11},"1":{"loc":{"start":{"line":23,"column":23},"end":{"line":23,"column":31}},"type":"default-arg","locations":[{"start":{"line":23,"column":30},"end":{"line":23,"column":31}}],"line":23},"2":{"loc":{"start":{"line":23,"column":33},"end":{"line":23,"column":43}},"type":"default-arg","locations":[{"start":{"line":23,"column":41},"end":{"line":23,"column":43}}],"line":23},"3":{"loc":{"start":{"line":25,"column":12},"end":{"line":25,"column":48}},"type":"binary-expr","locations":[{"start":{"line":25,"column":12},"end":{"line":25,"column":43}},{"start":{"line":25,"column":47},"end":{"line":25,"column":48}}],"line":25},"4":{"loc":{"start":{"line":26,"column":12},"end":{"line":26,"column":65}},"type":"binary-expr","locations":[{"start":{"line":26,"column":12},"end":{"line":26,"column":59}},{"start":{"line":26,"column":63},"end":{"line":26,"column":65}}],"line":26}},"s":{"0":1,"1":25,"2":1,"3":7,"4":7,"5":7,"6":7,"7":7,"8":7,"9":7,"10":7,"11":1},"f":{"0":25,"1":7},"b":{"0":[9,16],"1":[2],"2":[2],"3":[7,1],"4":[7,1]},"_coverageSchema":"1a1c01bbd47fc00a2c39e90264f33305004495a9","hash":"a2ba54d23466b1a94055cb7a7c3b560e2ce0e98a"}
}
