TN:
SF:src\app.js
FN:11,(anonymous_0)
FN:21,(anonymous_1)
FN:38,(anonymous_2)
FN:67,(anonymous_3)
FN:76,(anonymous_4)
FN:81,(anonymous_5)
FN:86,(anonymous_6)
FNF:7
FNH:7
FNDA:1,(anonymous_0)
FNDA:1,(anonymous_1)
FNDA:8,(anonymous_2)
FNDA:1,(anonymous_3)
FNDA:1,(anonymous_4)
FNDA:1,(anonymous_5)
FNDA:1,(anonymous_6)
DA:1,1
DA:2,1
DA:3,1
DA:5,1
DA:7,1
DA:8,1
DA:11,1
DA:12,1
DA:21,1
DA:22,1
DA:38,1
DA:39,8
DA:41,8
DA:42,8
DA:46,7
DA:56,1
DA:67,1
DA:68,1
DA:69,1
DA:76,1
DA:77,1
DA:81,1
DA:82,1
DA:86,1
DA:87,1
DA:88,1
DA:91,1
LF:27
LH:27
BRF:0
BRH:0
end_of_record
TN:
SF:src\services\invoiceService.js
FN:7,(anonymous_0)
FN:23,(anonymous_1)
FNF:2
FNH:2
FNDA:25,(anonymous_0)
FNDA:7,(anonymous_1)
DA:7,25
DA:23,1
DA:25,7
DA:26,7
DA:29,7
DA:30,7
DA:33,7
DA:36,7
DA:37,7
DA:39,7
DA:52,1
LF:11
LH:11
BRDA:11,0,0,9
BRDA:11,0,1,16
BRDA:23,1,0,2
BRDA:23,2,0,2
BRDA:25,3,0,7
BRDA:25,3,1,1
BRDA:26,4,0,7
BRDA:26,4,1,1
BRF:8
BRH:8
end_of_record
